{ "date" : "04-10-2021 16:04:42.227", "level" : "INFO ", "class" : "z.a.n.a.w.sb.RestServiceApplication", " Log" : Starting RestServiceApplication on DESKTOP-FAIRF6M with PID 23108 (D:\DO\nwu\AccountSystem\AccountSystemWebSpringBoot\target\classes started by camer in D:\DO\nwu\AccountSystem) }
{ "date" : "04-10-2021 16:04:42.241", "level" : "DEBUG", "class" : "z.a.n.a.w.sb.RestServiceApplication", " Log" : Running with Spring Boot v2.1.6.RELEASE, Spring v5.1.8.RELEASE }
{ "date" : "04-10-2021 16:04:42.241", "level" : "INFO ", "class" : "z.a.n.a.w.sb.RestServiceApplication", " Log" : No active profile set, falling back to default profiles: default }
{ "date" : "04-10-2021 16:04:46.046", "level" : "INFO ", "class" : "z.a.n.a.w.sb.RestServiceApplication", " Log" : Started RestServiceApplication in 4.114 seconds (JVM running for 4.399) }
{ "date" : "04-10-2021 16:05:29.305", "level" : "DEBUG", "class" : "z.a.n.a.l.f.I.CreateAccountTransactionFlowImpl", " Log" : Create a new AccountTransaction }
{ "date" : "04-10-2021 16:05:29.342", "level" : "INFO ", "class" : "z.a.n.a.l.f.I.CreateAccountTransactionFlowImpl", " Log" : Response time 35 }
{ "date" : "04-10-2021 16:15:47.343", "level" : "INFO ", "class" : "z.a.n.a.w.sb.RestServiceApplication", " Log" : Starting RestServiceApplication on DESKTOP-FAIRF6M with PID 18296 (D:\DO\nwu\AccountSystem\AccountSystemWebSpringBoot\target\classes started by camer in D:\DO\nwu\AccountSystem) }
{ "date" : "04-10-2021 16:15:47.346", "level" : "DEBUG", "class" : "z.a.n.a.w.sb.RestServiceApplication", " Log" : Running with Spring Boot v2.1.6.RELEASE, Spring v5.1.8.RELEASE }
{ "date" : "04-10-2021 16:15:47.346", "level" : "INFO ", "class" : "z.a.n.a.w.sb.RestServiceApplication", " Log" : No active profile set, falling back to default profiles: default }
{ "date" : "04-10-2021 16:16:24.823", "level" : "INFO ", "class" : "z.a.n.a.w.sb.RestServiceApplication", " Log" : Starting RestServiceApplication on DESKTOP-FAIRF6M with PID 672 (D:\DO\nwu\AccountSystem\AccountSystemWebSpringBoot\target\classes started by camer in D:\DO\nwu\AccountSystem) }
{ "date" : "04-10-2021 16:16:24.826", "level" : "DEBUG", "class" : "z.a.n.a.w.sb.RestServiceApplication", " Log" : Running with Spring Boot v2.1.6.RELEASE, Spring v5.1.8.RELEASE }
{ "date" : "04-10-2021 16:16:24.826", "level" : "INFO ", "class" : "z.a.n.a.w.sb.RestServiceApplication", " Log" : No active profile set, falling back to default profiles: default }
{ "date" : "04-10-2021 16:16:50.695", "level" : "INFO ", "class" : "z.a.n.a.w.sb.RestServiceApplication", " Log" : Starting RestServiceApplication on DESKTOP-FAIRF6M with PID 24504 (D:\DO\nwu\AccountSystem\AccountSystemWebSpringBoot\target\classes started by camer in D:\DO\nwu\AccountSystem) }
{ "date" : "04-10-2021 16:16:50.697", "level" : "DEBUG", "class" : "z.a.n.a.w.sb.RestServiceApplication", " Log" : Running with Spring Boot v2.1.6.RELEASE, Spring v5.1.8.RELEASE }
{ "date" : "04-10-2021 16:16:50.698", "level" : "INFO ", "class" : "z.a.n.a.w.sb.RestServiceApplication", " Log" : No active profile set, falling back to default profiles: default }
{ "date" : "04-10-2021 16:21:54.072", "level" : "INFO ", "class" : "z.a.n.a.w.sb.RestServiceApplication", " Log" : Starting RestServiceApplication on DESKTOP-FAIRF6M with PID 11600 (D:\DO\nwu\AccountSystem\AccountSystemWebSpringBoot\target\classes started by camer in D:\DO\nwu\AccountSystem) }
{ "date" : "04-10-2021 16:21:54.074", "level" : "DEBUG", "class" : "z.a.n.a.w.sb.RestServiceApplication", " Log" : Running with Spring Boot v2.1.6.RELEASE, Spring v5.1.8.RELEASE }
{ "date" : "04-10-2021 16:21:54.075", "level" : "INFO ", "class" : "z.a.n.a.w.sb.RestServiceApplication", " Log" : No active profile set, falling back to default profiles: default }
{ "date" : "04-10-2021 16:27:50.023", "level" : "INFO ", "class" : "z.a.n.a.w.sb.RestServiceApplication", " Log" : Starting RestServiceApplication on DESKTOP-FAIRF6M with PID 16396 (D:\DO\nwu\AccountSystem\AccountSystemWebSpringBoot\target\classes started by camer in D:\DO\nwu\AccountSystem) }
{ "date" : "04-10-2021 16:27:50.025", "level" : "DEBUG", "class" : "z.a.n.a.w.sb.RestServiceApplication", " Log" : Running with Spring Boot v2.1.6.RELEASE, Spring v5.1.8.RELEASE }
{ "date" : "04-10-2021 16:27:50.025", "level" : "INFO ", "class" : "z.a.n.a.w.sb.RestServiceApplication", " Log" : No active profile set, falling back to default profiles: default }
{ "date" : "04-10-2021 16:28:22.077", "level" : "INFO ", "class" : "z.a.n.a.w.sb.RestServiceApplication", " Log" : Starting RestServiceApplication on DESKTOP-FAIRF6M with PID 12608 (D:\DO\nwu\AccountSystem\AccountSystemWebSpringBoot\target\classes started by camer in D:\DO\nwu\AccountSystem) }
{ "date" : "04-10-2021 16:28:22.080", "level" : "DEBUG", "class" : "z.a.n.a.w.sb.RestServiceApplication", " Log" : Running with Spring Boot v2.1.6.RELEASE, Spring v5.1.8.RELEASE }
{ "date" : "04-10-2021 16:28:22.080", "level" : "INFO ", "class" : "z.a.n.a.w.sb.RestServiceApplication", " Log" : No active profile set, falling back to default profiles: default }
{ "date" : "04-10-2021 16:28:53.485", "level" : "INFO ", "class" : "z.a.n.a.w.sb.RestServiceApplication", " Log" : Starting RestServiceApplication on DESKTOP-FAIRF6M with PID 14816 (D:\DO\nwu\AccountSystem\AccountSystemWebSpringBoot\target\classes started by camer in D:\DO\nwu\AccountSystem) }
{ "date" : "04-10-2021 16:28:53.487", "level" : "DEBUG", "class" : "z.a.n.a.w.sb.RestServiceApplication", " Log" : Running with Spring Boot v2.1.6.RELEASE, Spring v5.1.8.RELEASE }
{ "date" : "04-10-2021 16:28:53.487", "level" : "INFO ", "class" : "z.a.n.a.w.sb.RestServiceApplication", " Log" : No active profile set, falling back to default profiles: default }
{ "date" : "04-10-2021 16:29:51.951", "level" : "INFO ", "class" : "z.a.n.a.w.sb.RestServiceApplication", " Log" : Starting RestServiceApplication on DESKTOP-FAIRF6M with PID 23232 (D:\DO\nwu\AccountSystem\AccountSystemWebSpringBoot\target\classes started by camer in D:\DO\nwu\AccountSystem) }
{ "date" : "04-10-2021 16:29:51.953", "level" : "DEBUG", "class" : "z.a.n.a.w.sb.RestServiceApplication", " Log" : Running with Spring Boot v2.1.6.RELEASE, Spring v5.1.8.RELEASE }
{ "date" : "04-10-2021 16:29:51.954", "level" : "INFO ", "class" : "z.a.n.a.w.sb.RestServiceApplication", " Log" : No active profile set, falling back to default profiles: default }
{ "date" : "04-10-2021 16:29:55.685", "level" : "INFO ", "class" : "z.a.n.a.w.sb.RestServiceApplication", " Log" : Started RestServiceApplication in 4.03 seconds (JVM running for 4.304) }
{ "date" : "04-10-2021 16:30:32.032", "level" : "DEBUG", "class" : "z.a.n.a.l.f.I.CreateAccountTransactionFlowImpl", " Log" : Create a new AccountTransaction }
{ "date" : "04-10-2021 16:30:32.106", "level" : "INFO ", "class" : "z.a.n.a.l.f.I.CreateAccountTransactionFlowImpl", " Log" : Response time 73 }
{ "date" : "04-10-2021 16:31:33.165", "level" : "INFO ", "class" : "z.a.n.a.w.sb.RestServiceApplication", " Log" : Starting RestServiceApplication on DESKTOP-FAIRF6M with PID 18516 (D:\DO\nwu\AccountSystem\AccountSystemWebSpringBoot\target\classes started by camer in D:\DO\nwu\AccountSystem) }
{ "date" : "04-10-2021 16:31:33.167", "level" : "DEBUG", "class" : "z.a.n.a.w.sb.RestServiceApplication", " Log" : Running with Spring Boot v2.1.6.RELEASE, Spring v5.1.8.RELEASE }
{ "date" : "04-10-2021 16:31:33.168", "level" : "INFO ", "class" : "z.a.n.a.w.sb.RestServiceApplication", " Log" : No active profile set, falling back to default profiles: default }
{ "date" : "04-10-2021 16:33:06.555", "level" : "INFO ", "class" : "z.a.n.a.w.sb.RestServiceApplication", " Log" : Starting RestServiceApplication on DESKTOP-FAIRF6M with PID 11396 (D:\DO\nwu\AccountSystem\AccountSystemWebSpringBoot\target\classes started by camer in D:\DO\nwu\AccountSystem) }
{ "date" : "04-10-2021 16:33:06.557", "level" : "DEBUG", "class" : "z.a.n.a.w.sb.RestServiceApplication", " Log" : Running with Spring Boot v2.1.6.RELEASE, Spring v5.1.8.RELEASE }
{ "date" : "04-10-2021 16:33:06.557", "level" : "INFO ", "class" : "z.a.n.a.w.sb.RestServiceApplication", " Log" : No active profile set, falling back to default profiles: default }
{ "date" : "04-10-2021 16:33:46.875", "level" : "INFO ", "class" : "z.a.n.a.w.sb.RestServiceApplication", " Log" : Starting RestServiceApplication on DESKTOP-FAIRF6M with PID 20064 (D:\DO\nwu\AccountSystem\AccountSystemWebSpringBoot\target\classes started by camer in D:\DO\nwu\AccountSystem) }
{ "date" : "04-10-2021 16:33:46.877", "level" : "DEBUG", "class" : "z.a.n.a.w.sb.RestServiceApplication", " Log" : Running with Spring Boot v2.1.6.RELEASE, Spring v5.1.8.RELEASE }
{ "date" : "04-10-2021 16:33:46.878", "level" : "INFO ", "class" : "z.a.n.a.w.sb.RestServiceApplication", " Log" : No active profile set, falling back to default profiles: default }
